c:\documentsc\university\year3\multi\demongame\platformgamemulticlient\clientsfml\obj\debug\x86\vc140.pdb
c:\documentsc\university\year3\multi\demongame\platformgamemulticlient\clientsfml\obj\debug\x86\vc140.idb
c:\documentsc\university\year3\multi\demongame\platformgamemulticlient\clientsfml\obj\debug\x86\main.obj
c:\documentsc\university\year3\multi\demongame\platformgamemulticlient\clientsfml\obj\debug\x86\application.obj
c:\documentsc\university\year3\multi\demongame\platformgamemulticlient\clientsfml\obj\debug\x86\boundedbuffer.obj
c:\documentsc\university\year3\multi\demongame\platformgamemulticlient\clientsfml\obj\debug\x86\event.obj
c:\documentsc\university\year3\multi\demongame\platformgamemulticlient\clientsfml\obj\debug\x86\eventmanager.obj
c:\documentsc\university\year3\multi\demongame\platformgamemulticlient\clientsfml\obj\debug\x86\gamescene.obj
c:\documentsc\university\year3\multi\demongame\platformgamemulticlient\clientsfml\obj\debug\x86\iscene.obj
c:\documentsc\university\year3\multi\demongame\platformgamemulticlient\clientsfml\obj\debug\x86\keyevent.obj
c:\documentsc\university\year3\multi\demongame\platformgamemulticlient\clientsfml\obj\debug\x86\leaderboardscene.obj
c:\documentsc\university\year3\multi\demongame\platformgamemulticlient\clientsfml\obj\debug\x86\lobbyscene.obj
c:\documentsc\university\year3\multi\demongame\platformgamemulticlient\clientsfml\obj\debug\x86\logfile.obj
c:\documentsc\university\year3\multi\demongame\platformgamemulticlient\clientsfml\obj\debug\x86\messageparser.obj
c:\documentsc\university\year3\multi\demongame\platformgamemulticlient\clientsfml\obj\debug\x86\networkmanager.obj
c:\documentsc\university\year3\multi\demongame\platformgamemulticlient\clientsfml\obj\debug\x86\playercredentialbin.obj
c:\documentsc\university\year3\multi\demongame\platformgamemulticlient\clientsfml\obj\debug\x86\scenegraph.obj
c:\documentsc\university\year3\multi\demongame\platformgamemulticlient\clientsfml\obj\debug\x86\screen.obj
c:\documentsc\university\year3\multi\demongame\platformgamemulticlient\clientsfml\obj\debug\x86\textfile.obj
c:\documentsc\university\year3\multi\demongame\platformgamemulticlient\clientsfml\obj\debug\x86\titlescene.obj
c:\documentsc\university\year3\multi\demongame\platformgamemulticlient\clientsfml\obj\debug\x86\utils.obj
c:\documentsc\university\year3\multi\demongame\platformgamemulticlient\bin\debug_x86\clientsfml.lib
c:\documentsc\university\year3\multi\demongame\platformgamemulticlient\bin\debug_x86\clientsfml.exp
c:\documentsc\university\year3\multi\demongame\platformgamemulticlient\bin\debug_x86\clientsfml.ilk
c:\documentsc\university\year3\multi\demongame\platformgamemulticlient\bin\debug_x86\clientsfml.exe
c:\documentsc\university\year3\multi\demongame\platformgamemulticlient\bin\debug_x86\clientsfml.pdb
c:\documentsc\university\year3\multi\demongame\platformgamemulticlient\\bin\debug_x86\clientsfml.pdb
c:\documentsc\university\year3\multi\demongame\platformgamemulticlient\\bin\debug_x86\clientsfml.exe
c:\documentsc\university\year3\multi\demongame\platformgamemulticlient\\bin\debug_x86\clientsfml.ilk
c:\documentsc\university\year3\multi\demongame\platformgamemulticlient\clientsfml\obj\debug\x86\clientsfml.tlog\cl.command.1.tlog
c:\documentsc\university\year3\multi\demongame\platformgamemulticlient\clientsfml\obj\debug\x86\clientsfml.tlog\cl.read.1.tlog
c:\documentsc\university\year3\multi\demongame\platformgamemulticlient\clientsfml\obj\debug\x86\clientsfml.tlog\cl.write.1.tlog
c:\documentsc\university\year3\multi\demongame\platformgamemulticlient\clientsfml\obj\debug\x86\clientsfml.tlog\clientsfml.write.1u.tlog
c:\documentsc\university\year3\multi\demongame\platformgamemulticlient\clientsfml\obj\debug\x86\clientsfml.tlog\link.command.1.tlog
c:\documentsc\university\year3\multi\demongame\platformgamemulticlient\clientsfml\obj\debug\x86\clientsfml.tlog\link.read.1.tlog
c:\documentsc\university\year3\multi\demongame\platformgamemulticlient\clientsfml\obj\debug\x86\clientsfml.tlog\link.write.1.tlog
