  main.cpp
  Application.cpp
  BoundedBuffer.cpp
  Event.cpp
  EventManager.cpp
  GameScene.cpp
  IScene.cpp
  KeyEvent.cpp
  LogFile.cpp
  NetworkManager.cpp
  SceneGraph.cpp
  Screen.cpp
src\Screen.cpp(294): warning C4996: 'sf::Text::setColor': was declared deprecated
  C:\DocumentsC\university\year3\multi\DemonGame\PlatformGameMultiClient\ClientSFML\sfml\include32\SFML/Graphics/Text.hpp(177): note: see declaration of 'sf::Text::setColor'
  TextFile.cpp
     Creating library C:\DocumentsC\university\year3\multi\DemonGame\PlatformGameMultiClient\\bin\Release_x86\ClientSFML.lib and object C:\DocumentsC\university\year3\multi\DemonGame\PlatformGameMultiClient\\bin\Release_x86\ClientSFML.exp
  Generating code
  97 of 2082 functions ( 4.7%) were compiled, the rest were copied from previous compilation.
    55 functions were new in current compilation
    74 functions had inline decision re-evaluated but remain unchanged
  Finished generating code
  ClientSFML.vcxproj -> C:\DocumentsC\university\year3\multi\DemonGame\PlatformGameMultiClient\\bin\Release_x86\ClientSFML.exe
