  main.cpp
  Application.cpp
  Event.cpp
  EventManager.cpp
  GameScene.cpp
  IScene.cpp
  LeaderboardScene.cpp
  LobbyScene.cpp
  LogFile.cpp
  MessageParser.cpp
  NetworkManager.cpp
  SceneGraph.cpp
  Screen.cpp
  TitleScene.cpp
     Creating library C:\DocumentsC\university\year3\multi\DemonGame\PlatformGameMultiClient\\bin\Release_x64\ClientSFML.lib and object C:\DocumentsC\university\year3\multi\DemonGame\PlatformGameMultiClient\\bin\Release_x64\ClientSFML.exp
  Generating code
  74 of 2650 functions ( 2.8%) were compiled, the rest were copied from previous compilation.
    2 functions were new in current compilation
    71 functions had inline decision re-evaluated but remain unchanged
  Finished generating code
  ClientSFML.vcxproj -> C:\DocumentsC\university\year3\multi\DemonGame\PlatformGameMultiClient\\bin\Release_x64\ClientSFML.exe
