  MessageParser.cpp
  GameScene.cpp
  Application.cpp
  Generating Code...
  Compiling...
  TitleScene.cpp
  Screen.cpp
  SceneGraph.cpp
  NetworkManager.cpp
  LogFile.cpp
  LobbyScene.cpp
  LeaderboardScene.cpp
  IScene.cpp
  EventManager.cpp
  Event.cpp
  main.cpp
  Generating Code...
     Creating library C:\DocumentsC\university\year3\multi\DemonGame\PlatformGameMultiClient\\bin\Debug_x64\ClientSFML.lib and object C:\DocumentsC\university\year3\multi\DemonGame\PlatformGameMultiClient\\bin\Debug_x64\ClientSFML.exp
sfml-main-d.lib(MainWin32.cpp.obj) : warning LNK4099: PDB 'vc140.pdb' was not found with 'sfml-main-d.lib(MainWin32.cpp.obj)' or at 'C:\DocumentsC\university\year3\multi\DemonGame\PlatformGameMultiClient\bin\Debug_x64\vc140.pdb'; linking object as if no debug info
  ClientSFML.vcxproj -> C:\DocumentsC\university\year3\multi\DemonGame\PlatformGameMultiClient\\bin\Debug_x64\ClientSFML.exe
